<?xml version="1.0" encoding="UTF-8"?>
<testsuite name="cr.una.lab3.facade.FachadaImpresoraTest" tests="1" skipped="0" failures="0" errors="0" timestamp="2020-03-11T09:42:56" hostname="JaviGarro" time="0.011">
  <properties/>
  <testcase name="testFachadaImpresora" classname="cr.una.lab3.facade.FachadaImpresoraTest" time="0.011"/>
  <system-out><![CDATA[Impresora {tipoDocumento=excel, hoja=a3, color=false, texto=texto2}
]]></system-out>
  <system-err><![CDATA[]]></system-err>
</testsuite>
